<?xml version="1.0" encoding="UTF-8"?>
<!-- Generated by org.testng.reporters.JUnitReportReporter -->
<testsuite skipped="0" hostname="IRVVMUUAMWEB01" name="testscripts.scenario1.TC_AdHoc_05" tests="1" failures="0" timestamp="03 Apr 2019 14:21:45 GMT" time="55.062" errors="0">
  <testcase name="runTC4" time="55.062" classname="testscripts.scenario1.TC_AdHoc_05"/>
</testsuite> <!-- testscripts.scenario1.TC_AdHoc_05 -->
