<?xml version="1.0" encoding="UTF-8"?>
<!-- Generated by org.testng.reporters.JUnitReportReporter -->
<testsuite skipped="0" hostname="IRVVMUUAMWEB01" name="testscripts.scenario1.SupplierData" tests="1" failures="0" timestamp="30 Jan 2019 15:10:31 GMT" time="1081.171" errors="0">
  <testcase name="runTC4" time="1081.171" classname="testscripts.scenario1.SupplierData"/>
</testsuite> <!-- testscripts.scenario1.SupplierData -->
