<?xml version="1.0" encoding="UTF-8"?>
<!-- Generated by org.testng.reporters.JUnitReportReporter -->
<testsuite hostname="PUN-6NLTH32" name="testscripts.scenario1.TC10" tests="1" failures="0" timestamp="6 Feb 2017 17:01:50 GMT" time="437.163" errors="0">
  <testcase name="runTC1" time="437.163" classname="testscripts.scenario1.TC10"/>
</testsuite> <!-- testscripts.scenario1.TC10 -->
