<?xml version="1.0" encoding="UTF-8"?>
<!-- Generated by org.testng.reporters.JUnitReportReporter -->
<testsuite hostname="PUN-6NLTH32" name="testscripts.scenario1.TC12" tests="1" failures="0" timestamp="7 Dec 2016 12:36:07 GMT" time="269.449" errors="0">
  <testcase name="runTC1" time="269.449" classname="testscripts.scenario1.TC12"/>
</testsuite> <!-- testscripts.scenario1.TC12 -->
