<?xml version="1.0" encoding="UTF-8"?>
<!-- Generated by org.testng.reporters.JUnitReportReporter -->
<testsuite hostname="PUN-6NLTH32" name="testscripts.scenario1.TC1" tests="1" failures="0" timestamp="3 Feb 2017 15:16:16 GMT" time="418.696" errors="0">
  <testcase name="runTC1" time="418.696" classname="testscripts.scenario1.TC1"/>
</testsuite> <!-- testscripts.scenario1.TC1 -->
