<?xml version="1.0" encoding="UTF-8"?>
<!-- Generated by org.testng.reporters.JUnitReportReporter -->
<testsuite hostname="PUN-6NLTH32" name="testscripts.scenario3.TC38" tests="1" failures="0" timestamp="22 Feb 2017 11:23:16 GMT" time="259.255" errors="0">
  <testcase name="runTC1" time="259.255" classname="testscripts.scenario3.TC38"/>
</testsuite> <!-- testscripts.scenario3.TC38 -->
