<?xml version="1.0" encoding="UTF-8"?>
<!-- Generated by org.testng.reporters.JUnitReportReporter -->
<testsuite hostname="PUN-6NLTH32" name="testscripts.scenario1.TC24" tests="1" failures="0" timestamp="6 Feb 2017 14:55:36 GMT" time="177.295" errors="0">
  <testcase name="runTC1" time="177.295" classname="testscripts.scenario1.TC24"/>
</testsuite> <!-- testscripts.scenario1.TC24 -->
