<?xml version="1.0" encoding="UTF-8"?>
<!-- Generated by org.testng.reporters.JUnitReportReporter -->
<testsuite skipped="0" hostname="IRVVMUUAMWEB01" name="testscripts.scenario1.TC_Fusion_ERP_Expenses_01_05" tests="1" failures="0" timestamp="02 Apr 2019 09:07:30 GMT" time="141.833" errors="0">
  <testcase name="runTC4" time="141.833" classname="testscripts.scenario1.TC_Fusion_ERP_Expenses_01_05"/>
</testsuite> <!-- testscripts.scenario1.TC_Fusion_ERP_Expenses_01_05 -->
