<?xml version="1.0" encoding="UTF-8"?>
<!-- Generated by org.testng.reporters.JUnitReportReporter -->
<testsuite hostname="PUN-6NLTH32" name="testscripts.scenario1.TC8" tests="1" failures="0" timestamp="6 Feb 2017 15:25:23 GMT" time="157.871" errors="0">
  <testcase name="runTC1" time="157.871" classname="testscripts.scenario1.TC8"/>
</testsuite> <!-- testscripts.scenario1.TC8 -->
