<?xml version="1.0" encoding="UTF-8"?>
<!-- Generated by org.testng.reporters.JUnitReportReporter -->
<testsuite skipped="0" hostname="IRVVMUUAMWEB01" name="testscripts.scenario1.TC_Fusion_ERP_AP_02_01" tests="1" failures="0" timestamp="07 May 2019 15:48:43 GMT" time="33.984" errors="0">
  <testcase name="runTC4" time="33.984" classname="testscripts.scenario1.TC_Fusion_ERP_AP_02_01"/>
</testsuite> <!-- testscripts.scenario1.TC_Fusion_ERP_AP_02_01 -->
