<?xml version="1.0" encoding="UTF-8"?>
<!-- Generated by org.testng.reporters.JUnitReportReporter -->
<testsuite skipped="0" hostname="IMH3D9Y3RFD2" name="testscripts.scenario1.TC4" tests="1" failures="0" timestamp="10 Oct 2018 15:58:16 GMT" time="110.785" errors="0">
  <testcase name="runTC4" time="110.785" classname="testscripts.scenario1.TC4"/>
</testsuite> <!-- testscripts.scenario1.TC4 -->
