<?xml version="1.0" encoding="UTF-8"?>
<!-- Generated by org.testng.reporters.JUnitReportReporter -->
<testsuite skipped="0" hostname="IRVVMUUAMWEB01" name="testscripts.scenario1.TC_Fusion_ERP_AP_01_02" tests="1" failures="0" timestamp="07 May 2019 15:00:53 GMT" time="101.985" errors="0">
  <testcase name="runTC4" time="101.985" classname="testscripts.scenario1.TC_Fusion_ERP_AP_01_02"/>
</testsuite> <!-- testscripts.scenario1.TC_Fusion_ERP_AP_01_02 -->
