<?xml version="1.0" encoding="UTF-8"?>
<!-- Generated by org.testng.reporters.JUnitReportReporter -->
<testsuite skipped="0" hostname="IRVVMUUAMWEB01" name="testscripts.scenario1.TC_AdHoc_03" tests="1" failures="0" timestamp="03 Apr 2019 14:19:39 GMT" time="162.659" errors="0">
  <testcase name="runTC4" time="162.659" classname="testscripts.scenario1.TC_AdHoc_03"/>
</testsuite> <!-- testscripts.scenario1.TC_AdHoc_03 -->
