<?xml version="1.0" encoding="UTF-8"?>
<!-- Generated by org.testng.reporters.JUnitReportReporter -->
<testsuite hostname="dvtcsdevp-001" failures="0" tests="1" name="testscripts.scenario1.TC_2" time="0.001" errors="0" timestamp="2023-12-10T10:30:33 IST" skipped="1">
  <testcase classname="testscripts.scenario1.TC_2" name="runTC2" time="0.001">
    <skipped/>
  </testcase> <!-- runTC2 -->
</testsuite> <!-- testscripts.scenario1.TC_2 -->
