<?xml version="1.0" encoding="UTF-8"?>
<!-- Generated by org.testng.reporters.JUnitReportReporter -->
<testsuite hostname="dvtcsdevp-001" failures="0" tests="1" name="testscripts.scenario1.TC_3" time="25.281" errors="0" timestamp="2023-12-10T10:35:09 IST" skipped="0">
  <testcase classname="testscripts.scenario1.TC_3" name="runTC3" time="25.281"/>
</testsuite> <!-- testscripts.scenario1.TC_3 -->
