<?xml version="1.0" encoding="UTF-8"?>
<!-- Generated by org.testng.reporters.JUnitReportReporter -->
<testsuite hostname="dvtcsdevp-001" failures="0" tests="1" name="testscripts.scenario1.TC_1" time="26.473" errors="0" timestamp="2023-12-10T10:35:09 IST" skipped="0">
  <testcase classname="testscripts.scenario1.TC_1" name="runTC1" time="26.473"/>
</testsuite> <!-- testscripts.scenario1.TC_1 -->
