<?xml version="1.0" encoding="UTF-8"?>
<!-- Generated by org.testng.reporters.JUnitReportReporter -->
<testsuite skipped="0" hostname="IMH3D9Y3RFD2" name="testscripts.scenario1.TC3" tests="1" failures="0" timestamp="10 Oct 2018 15:23:34 GMT" time="109.508" errors="0">
  <testcase name="runTC4" time="109.508" classname="testscripts.scenario1.TC3"/>
</testsuite> <!-- testscripts.scenario1.TC3 -->
