<?xml version="1.0" encoding="UTF-8"?>
<!-- Generated by org.testng.reporters.JUnitReportReporter -->
<testsuite hostname="PUN-6NLTH32" name="testscripts.scenario3.TC35" tests="1" failures="0" timestamp="17 Feb 2017 10:49:50 GMT" time="306.963" errors="0">
  <testcase name="runTC1" time="306.963" classname="testscripts.scenario3.TC35"/>
</testsuite> <!-- testscripts.scenario3.TC35 -->
