<?xml version="1.0" encoding="UTF-8"?>
<!-- Generated by org.testng.reporters.JUnitReportReporter -->
<testsuite hostname="PUN-6NLTH32" name="testscripts.scenario1.TC22" tests="1" failures="0" timestamp="6 Feb 2017 12:40:21 GMT" time="85.694" errors="0">
  <testcase name="runTC1" time="85.694" classname="testscripts.scenario1.TC22"/>
</testsuite> <!-- testscripts.scenario1.TC22 -->
