<?xml version="1.0" encoding="UTF-8"?>
<!-- Generated by org.testng.reporters.JUnitReportReporter -->
<testsuite skipped="0" hostname="IRVVMUUAMWEB01" name="testscripts.scenario1.IPLData" tests="1" failures="0" timestamp="20 Mar 2019 17:22:53 GMT" time="34.620" errors="0">
  <testcase name="runTC4" time="34.620" classname="testscripts.scenario1.IPLData"/>
</testsuite> <!-- testscripts.scenario1.IPLData -->
