<?xml version="1.0" encoding="UTF-8"?>
<!-- Generated by org.testng.reporters.JUnitReportReporter -->
<testsuite hostname="PUN-6NLTH32" name="testscripts.scenario1.TC21" tests="1" failures="0" timestamp="6 Feb 2017 10:13:37 GMT" time="104.403" errors="0">
  <testcase name="runTC1" time="104.403" classname="testscripts.scenario1.TC21"/>
</testsuite> <!-- testscripts.scenario1.TC21 -->
