<?xml version="1.0" encoding="UTF-8"?>
<!-- Generated by org.testng.reporters.JUnitReportReporter -->
<testsuite skipped="0" hostname="IRVVMUUAMWEB01" name="testscripts.scenario1.TC_Fusion_ERP_Expenses_03_01" tests="1" failures="0" timestamp="28 Mar 2019 12:21:29 GMT" time="46.640" errors="0">
  <testcase name="runTC4" time="46.640" classname="testscripts.scenario1.TC_Fusion_ERP_Expenses_03_01"/>
</testsuite> <!-- testscripts.scenario1.TC_Fusion_ERP_Expenses_03_01 -->
