<?xml version="1.0" encoding="UTF-8"?>
<!-- Generated by org.testng.reporters.JUnitReportReporter -->
<testsuite skipped="0" hostname="IRVVMUUAMWEB01" name="testscripts.scenario1.TC_Fusion_ERP_AP_01_08" tests="1" failures="0" timestamp="07 May 2019 15:19:01 GMT" time="27.836" errors="0">
  <testcase name="runTC4" time="27.836" classname="testscripts.scenario1.TC_Fusion_ERP_AP_01_08"/>
</testsuite> <!-- testscripts.scenario1.TC_Fusion_ERP_AP_01_08 -->
