<?xml version="1.0" encoding="UTF-8"?>
<!-- Generated by org.testng.reporters.JUnitReportReporter -->
<testsuite skipped="0" hostname="IRVVMUUAMWEB01" name="testscripts.scenario1.TC_Fusion_ERP_Expenses_01_02" tests="1" failures="0" timestamp="15 Mar 2019 09:07:13 GMT" time="168.031" errors="0">
  <testcase name="runTC4" time="168.031" classname="testscripts.scenario1.TC_Fusion_ERP_Expenses_01_02"/>
</testsuite> <!-- testscripts.scenario1.TC_Fusion_ERP_Expenses_01_02 -->
