<?xml version="1.0" encoding="UTF-8"?>
<!-- Generated by org.testng.reporters.JUnitReportReporter -->
<testsuite hostname="dvtcsdevp-001" failures="0" tests="1" name="testscripts.scenario1.TC_1" time="0.000" errors="1" timestamp="2023-12-10T10:18:23 IST" skipped="0">
  <testcase classname="testscripts.scenario1.TC_1" name="runTC1" time="0.000">
    <error message="
Conversion issue on parameter: browser" type="org.testng.TestNGException">
      <![CDATA[org.testng.TestNGException: 
Conversion issue on parameter: browser
at org.testng.internal.PropertyUtils.convertType(PropertyUtils.java:68)
at org.testng.internal.Parameters.createParams(Parameters.java:270)
at org.testng.internal.Parameters.createParametersForMethod(Parameters.java:355)
at org.testng.internal.Parameters.createParameters(Parameters.java:684)
at org.testng.internal.Parameters.handleParameters(Parameters.java:879)
at org.testng.internal.Parameters.handleParameters(Parameters.java:728)
at org.testng.internal.invokers.ParameterHandler.handleParameters(ParameterHandler.java:72)
at org.testng.internal.invokers.ParameterHandler.createParameters(ParameterHandler.java:51)
at org.testng.internal.invokers.TestInvoker$MethodInvocationAgent.invoke(TestInvoker.java:911)
at org.testng.internal.invokers.TestInvoker.invokeTestMethods(TestInvoker.java:200)
at org.testng.internal.invokers.TestMethodWorker.invokeTestMethods(TestMethodWorker.java:148)
at org.testng.internal.invokers.TestMethodWorker.run(TestMethodWorker.java:128)
at java.base/java.util.concurrent.ThreadPoolExecutor.runWorker(ThreadPoolExecutor.java:1136)
at java.base/java.util.concurrent.ThreadPoolExecutor$Worker.run(ThreadPoolExecutor.java:635)
at java.base/java.lang.Thread.run(Thread.java:840)
Caused by: java.lang.IllegalArgumentException: No enum constant com.LT.framework.selenium.Browser.chrome
at java.base/java.lang.Enum.valueOf(Enum.java:273)
at org.testng.internal.PropertyUtils.convertType(PropertyUtils.java:65)
... 14 more
]]>
    </error>
  </testcase> <!-- runTC1 -->
</testsuite> <!-- testscripts.scenario1.TC_1 -->
