<?xml version="1.0" encoding="UTF-8"?>
<!-- Generated by org.testng.reporters.JUnitReportReporter -->
<testsuite skipped="0" hostname="IRVVMUUAMWEB01" name="testscripts.scenario1.TC_Fusion_ERP_Expenses_04_03" tests="1" failures="0" timestamp="01 Apr 2019 12:37:44 GMT" time="62.349" errors="0">
  <testcase name="runTC4" time="62.349" classname="testscripts.scenario1.TC_Fusion_ERP_Expenses_04_03"/>
</testsuite> <!-- testscripts.scenario1.TC_Fusion_ERP_Expenses_04_03 -->
