<?xml version="1.0" encoding="UTF-8"?>
<!-- Generated by org.testng.reporters.JUnitReportReporter -->
<testsuite hostname="PUN-6NLTH32" name="testscripts.scenario1.TC18" tests="1" failures="0" timestamp="7 Feb 2017 09:18:36 GMT" time="116.378" errors="0">
  <testcase name="runTC1" time="116.378" classname="testscripts.scenario1.TC18"/>
</testsuite> <!-- testscripts.scenario1.TC18 -->
