<?xml version="1.0" encoding="UTF-8"?>
<!-- Generated by org.testng.reporters.JUnitReportReporter -->
<testsuite skipped="0" hostname="IRVVMUUAMWEB01" name="testscripts.scenario1.AssignmentWorkMeasure" tests="1" failures="0" timestamp="25 Jan 2019 11:50:22 GMT" time="11004.910" errors="0">
  <testcase name="runTC4" time="11004.910" classname="testscripts.scenario1.AssignmentWorkMeasure"/>
</testsuite> <!-- testscripts.scenario1.AssignmentWorkMeasure -->
