<?xml version="1.0" encoding="UTF-8"?>
<!-- Generated by org.testng.reporters.JUnitReportReporter -->
<testsuite skipped="0" hostname="IRVVMUUAMWEB01" name="testscripts.scenario1.TC_AdHoc_02" tests="1" failures="0" timestamp="03 Apr 2019 14:02:47 GMT" time="135.148" errors="0">
  <testcase name="runTC4" time="135.148" classname="testscripts.scenario1.TC_AdHoc_02"/>
</testsuite> <!-- testscripts.scenario1.TC_AdHoc_02 -->
