<?xml version="1.0" encoding="UTF-8"?>
<!-- Generated by org.testng.reporters.JUnitReportReporter -->
<testsuite hostname="PUN-6NLTH32" name="testscripts.scenario3.TC37" tests="1" failures="0" timestamp="22 Feb 2017 09:34:46 GMT" time="71.430" errors="0">
  <testcase name="runTC1" time="71.430" classname="testscripts.scenario3.TC37"/>
</testsuite> <!-- testscripts.scenario3.TC37 -->
