<?xml version="1.0" encoding="UTF-8"?>
<!-- Generated by org.testng.reporters.JUnitReportReporter -->
<testsuite skipped="0" hostname="IRVVMUUAMWEB01" name="testscripts.scenario1.TC_Fusion_ERP_Expenses_01_06" tests="1" failures="0" timestamp="03 Apr 2019 10:12:11 GMT" time="235.620" errors="0">
  <testcase name="runTC4" time="235.620" classname="testscripts.scenario1.TC_Fusion_ERP_Expenses_01_06"/>
</testsuite> <!-- testscripts.scenario1.TC_Fusion_ERP_Expenses_01_06 -->
