<?xml version="1.0" encoding="UTF-8"?>
<!-- Generated by org.testng.reporters.JUnitReportReporter -->
<testsuite hostname="PUN-6NLTH32" name="testscripts.scenario3.TC31" tests="1" failures="0" timestamp="25 Jan 2017 15:13:14 GMT" time="122.632" errors="0">
  <testcase name="runTC1" time="122.632" classname="testscripts.scenario3.TC31"/>
</testsuite> <!-- testscripts.scenario3.TC31 -->
