<?xml version="1.0" encoding="UTF-8"?>
<!-- Generated by org.testng.reporters.JUnitReportReporter -->
<testsuite skipped="0" hostname="IRVVMUUAMWEB01" name="testscripts.scenario1.TC_Fusion_ERP_Expenses_01_07" tests="1" failures="0" timestamp="27 Mar 2019 13:19:16 GMT" time="59.517" errors="0">
  <testcase name="runTC4" time="59.517" classname="testscripts.scenario1.TC_Fusion_ERP_Expenses_01_07"/>
</testsuite> <!-- testscripts.scenario1.TC_Fusion_ERP_Expenses_01_07 -->
