<?xml version="1.0" encoding="UTF-8"?>
<!-- Generated by org.testng.reporters.JUnitReportReporter -->
<testsuite skipped="0" hostname="IRVVMUUAMWEB01" name="testscripts.scenario1.TC_AdHoc_01" tests="1" failures="0" timestamp="03 Apr 2019 13:55:51 GMT" time="162.831" errors="0">
  <testcase name="runTC4" time="162.831" classname="testscripts.scenario1.TC_AdHoc_01"/>
</testsuite> <!-- testscripts.scenario1.TC_AdHoc_01 -->
