<?xml version="1.0" encoding="UTF-8"?>
<!-- Generated by org.testng.reporters.JUnitReportReporter -->
<testsuite skipped="0" hostname="IRVVMUUAMWEB01" name="testscripts.scenario1.TC_Fusion_ERP_Expenses_02_06" tests="1" failures="0" timestamp="28 Mar 2019 11:37:59 GMT" time="52.153" errors="0">
  <testcase name="runTC4" time="52.153" classname="testscripts.scenario1.TC_Fusion_ERP_Expenses_02_06"/>
</testsuite> <!-- testscripts.scenario1.TC_Fusion_ERP_Expenses_02_06 -->
