<?xml version="1.0" encoding="UTF-8"?>
<!-- Generated by org.testng.reporters.JUnitReportReporter -->
<testsuite skipped="0" hostname="IRVVMUUAMWEB01" name="testscripts.scenario1.TC_Fusion_ERP_Expenses_04_01" tests="1" failures="0" timestamp="03 Apr 2019 10:43:23 GMT" time="97.867" errors="0">
  <testcase name="runTC4" time="97.867" classname="testscripts.scenario1.TC_Fusion_ERP_Expenses_04_01"/>
</testsuite> <!-- testscripts.scenario1.TC_Fusion_ERP_Expenses_04_01 -->
