<?xml version="1.0" encoding="UTF-8"?>
<!-- Generated by org.testng.reporters.JUnitReportReporter -->
<testsuite hostname="dvtcsdevp-001" failures="0" tests="1" name="testscripts.scenario1.TC_1" time="59.556" errors="0" timestamp="2023-12-12T18:25:49 IST" skipped="0">
  <testcase classname="testscripts.scenario1.TC_1" name="runTC1" time="59.556"/>
</testsuite> <!-- testscripts.scenario1.TC_1 -->
