<?xml version="1.0" encoding="UTF-8"?>
<!-- Generated by org.testng.reporters.JUnitReportReporter -->
<testsuite skipped="0" hostname="IMH3D9Y3RFD2" name="testscripts.scenario1.TC16" tests="1" failures="0" timestamp="11 Jun 2018 10:54:22 GMT" time="107.751" errors="0">
  <testcase name="runTC4" time="107.751" classname="testscripts.scenario1.TC16"/>
</testsuite> <!-- testscripts.scenario1.TC16 -->
