<?xml version="1.0" encoding="UTF-8"?>
<!-- Generated by org.testng.reporters.JUnitReportReporter -->
<testsuite skipped="0" hostname="IRVVMUUAMWEB01" name="testscripts.scenario1.TC_Fusion_ERP_AP_01_07" tests="1" failures="0" timestamp="07 May 2019 15:17:16 GMT" time="251.019" errors="0">
  <testcase name="runTC4" time="251.019" classname="testscripts.scenario1.TC_Fusion_ERP_AP_01_07"/>
</testsuite> <!-- testscripts.scenario1.TC_Fusion_ERP_AP_01_07 -->
