<?xml version="1.0" encoding="UTF-8"?>
<!-- Generated by org.testng.reporters.JUnitReportReporter -->
<testsuite hostname="dvtcsdevp-001" failures="0" tests="1" name="testscripts.scenario1.TC_2" time="22.579" errors="0" timestamp="2023-12-08T12:06:16 IST" skipped="0">
  <testcase classname="testscripts.scenario1.TC_2" name="runTC4" time="22.579"/>
</testsuite> <!-- testscripts.scenario1.TC_2 -->
