<?xml version="1.0" encoding="UTF-8"?>
<!-- Generated by org.testng.reporters.JUnitReportReporter -->
<testsuite hostname="PUN-6NLTH32" name="testscripts.scenario1.TC23" tests="1" failures="0" timestamp="6 Feb 2017 12:46:32 GMT" time="76.560" errors="0">
  <testcase name="runTC1" time="76.560" classname="testscripts.scenario1.TC23"/>
</testsuite> <!-- testscripts.scenario1.TC23 -->
