<?xml version="1.0" encoding="UTF-8"?>
<!-- Generated by org.testng.reporters.JUnitReportReporter -->
<testsuite skipped="0" hostname="IMH3D9Y3RFD2" name="testscripts.scenario1.UpdateExistingCostCenters" tests="1" failures="0" timestamp="12 Oct 2018 15:24:22 GMT" time="207.088" errors="0">
  <testcase name="runTC4" time="207.088" classname="testscripts.scenario1.UpdateExistingCostCenters"/>
</testsuite> <!-- testscripts.scenario1.UpdateExistingCostCenters -->
