<?xml version="1.0" encoding="UTF-8"?>
<!-- Generated by org.testng.reporters.JUnitReportReporter -->
<testsuite skipped="0" hostname="IRVVMUUAMWEB01" name="testscripts.scenario1.TC_Fusion_ERP_Expenses_01_10" tests="1" failures="0" timestamp="03 Apr 2019 10:22:30 GMT" time="183.683" errors="0">
  <testcase name="runTC4" time="183.683" classname="testscripts.scenario1.TC_Fusion_ERP_Expenses_01_10"/>
</testsuite> <!-- testscripts.scenario1.TC_Fusion_ERP_Expenses_01_10 -->
