<?xml version="1.0" encoding="UTF-8"?>
<!-- Generated by org.testng.reporters.JUnitReportReporter -->
<testsuite skipped="0" hostname="IMH3D9Y20GD2" name="testscripts.scenario1.Job" tests="1" failures="0" timestamp="04 Jan 2019 12:40:45 GMT" time="592.816" errors="0">
  <testcase name="runTC4" time="592.816" classname="testscripts.scenario1.Job"/>
</testsuite> <!-- testscripts.scenario1.Job -->
