<?xml version="1.0" encoding="UTF-8"?>
<!-- Generated by org.testng.reporters.JUnitReportReporter -->
<testsuite hostname="PUN-6NLTH32" name="testscripts.scenario1.TC7" tests="1" failures="0" timestamp="6 Feb 2017 08:53:28 GMT" time="440.462" errors="0">
  <testcase name="runTC1" time="440.462" classname="testscripts.scenario1.TC7"/>
</testsuite> <!-- testscripts.scenario1.TC7 -->
