<?xml version="1.0" encoding="UTF-8"?>
<!-- Generated by org.testng.reporters.JUnitReportReporter -->
<testsuite skipped="0" hostname="IMH3D9Y3RFD2" name="testscripts.scenario1.DeactivationOfNAcodeCombinations" tests="1" failures="0" timestamp="12 Oct 2018 10:33:27 GMT" time="246.588" errors="0">
  <testcase name="runTC4" time="246.588" classname="testscripts.scenario1.DeactivationOfNAcodeCombinations"/>
</testsuite> <!-- testscripts.scenario1.DeactivationOfNAcodeCombinations -->
