<?xml version="1.0" encoding="UTF-8"?>
<!-- Generated by org.testng.reporters.JUnitReportReporter -->
<testsuite hostname="PUN-6NLTH32" name="testscripts.scenario1.TC13" tests="1" failures="0" timestamp="7 Dec 2016 13:50:57 GMT" time="319.529" errors="0">
  <testcase name="runTC1" time="319.529" classname="testscripts.scenario1.TC13"/>
</testsuite> <!-- testscripts.scenario1.TC13 -->
